'2022-02-08 15:14:53,816 - acquisition.discovery - WARNING - EEG-Orange-6486: Connected'
'2022-02-08 15:14:53,817 - acquisition.discovery - WARNING - EEG-Purple-2896: Connected'
'2022-02-08 15:14:56,592 - analysis.correlation_perFreq - WARNING - Sending 3 R values with timestamp 429263.2934562'
'2022-02-08 15:14:56,764 - analysis.correlation_perFreq - WARNING - Sending 3 R values with timestamp 429263.6505521'
'2022-02-08 15:14:57,123 - analysis.correlation_perFreq - WARNING - Sending 3 R values with timestamp 429264.0106243'
'2022-02-08 15:14:57,483 - analysis.correlation_perFreq - WARNING - Sending 3 R values with timestamp 429264.370709'
'2022-02-08 15:14:57,842 - analysis.correlation_perFreq - WARNING - Sending 3 R values with timestamp 429264.7287748'
'2022-02-08 15:14:58,202 - analysis.correlation_perFreq - WARNING - Sending 3 R values with timestamp 429265.0858911'
'2022-02-08 15:14:58,561 - analysis.correlation_perFreq - WARNING - Sending 3 R values with timestamp 429265.4449366'
'2022-02-08 15:14:58,905 - analysis.correlation_perFreq - WARNING - Sending 3 R values with timestamp 429265.8020268'
'2022-02-08 15:14:59,265 - analysis.correlation_perFreq - WARNING - Sending 3 R values with timestamp 429266.1591103'
'2022-02-08 15:14:59,624 - analysis.correlation_perFreq - WARNING - Sending 3 R values with timestamp 429266.5171941'
'2022-02-08 15:14:59,983 - analysis.correlation_perFreq - WARNING - Sending 3 R values with timestamp 429266.8742635'
'2022-02-08 15:15:00,342 - analysis.correlation_perFreq - WARNING - Sending 3 R values with timestamp 429267.2323589'
'2022-02-08 15:15:00,701 - analysis.correlation_perFreq - WARNING - Sending 3 R values with timestamp 429267.589422'
'2022-02-08 15:15:01,061 - analysis.correlation_perFreq - WARNING - Sending 3 R values with timestamp 429267.9465238'
'2022-02-08 15:15:01,420 - analysis.correlation_perFreq - WARNING - Sending 3 R values with timestamp 429268.3075858'
'2022-02-08 15:15:01,751 - analysis.correlation_perFreq - WARNING - Sending 3 R values with timestamp 429268.307677'
'2022-02-08 15:15:01,781 - analysis.correlation_perFreq - WARNING - Sending 3 R values with timestamp 429268.6636759'
'2022-02-08 15:15:02,109 - analysis.correlation_perFreq - WARNING - Sending 3 R values with timestamp 429268.6646859'
'2022-02-08 15:15:02,139 - analysis.correlation_perFreq - WARNING - Sending 3 R values with timestamp 429269.0197526'
'2022-02-08 15:15:02,484 - analysis.correlation_perFreq - WARNING - Sending 3 R values with timestamp 429269.3788414'
'2022-02-08 15:15:02,842 - analysis.correlation_perFreq - WARNING - Sending 3 R values with timestamp 429269.736912'
'2022-02-08 15:15:03,202 - analysis.correlation_perFreq - WARNING - Sending 3 R values with timestamp 429270.0950022'
'2022-02-08 15:15:03,561 - analysis.correlation_perFreq - WARNING - Sending 3 R values with timestamp 429270.4550685'
'2022-02-08 15:15:03,920 - analysis.correlation_perFreq - WARNING - Sending 3 R values with timestamp 429270.4551431'
'2022-02-08 15:15:03,968 - analysis.correlation_perFreq - WARNING - Sending 3 R values with timestamp 429270.8131773'
'2022-02-08 15:15:04,328 - analysis.correlation_perFreq - WARNING - Sending 3 R values with timestamp 429271.2202962'
'2022-02-08 15:15:04,685 - analysis.correlation_perFreq - WARNING - Sending 3 R values with timestamp 429271.5773338'
'2022-02-08 15:15:05,045 - analysis.correlation_perFreq - WARNING - Sending 3 R values with timestamp 429271.9334156'
'2022-02-08 15:15:05,406 - analysis.correlation_perFreq - WARNING - Sending 3 R values with timestamp 429272.2915181'
'2022-02-08 15:15:05,735 - analysis.correlation_perFreq - WARNING - Sending 3 R values with timestamp 429272.2916275'
'2022-02-08 15:15:05,765 - analysis.correlation_perFreq - WARNING - Sending 3 R values with timestamp 429272.6476483'
'2022-02-08 15:15:06,123 - analysis.correlation_perFreq - WARNING - Sending 3 R values with timestamp 429273.0066662'
'2022-02-08 15:15:06,484 - analysis.correlation_perFreq - WARNING - Sending 3 R values with timestamp 429273.3647309'
'2022-02-08 15:15:06,827 - analysis.correlation_perFreq - WARNING - Sending 3 R values with timestamp 429273.7218323'
'2022-02-08 15:15:07,187 - analysis.correlation_perFreq - WARNING - Sending 3 R values with timestamp 429274.0789041'
'2022-02-08 15:15:07,545 - analysis.correlation_perFreq - WARNING - Sending 3 R values with timestamp 429274.4369804'
'2022-02-08 15:15:07,905 - analysis.correlation_perFreq - WARNING - Sending 3 R values with timestamp 429274.7930599'
'2022-02-08 15:15:08,264 - analysis.correlation_perFreq - WARNING - Sending 3 R values with timestamp 429275.1511421'
'2022-02-08 15:15:08,623 - analysis.correlation_perFreq - WARNING - Sending 3 R values with timestamp 429275.5082198'
'2022-02-08 15:15:08,983 - analysis.correlation_perFreq - WARNING - Sending 3 R values with timestamp 429275.8663081'
'2022-02-08 15:15:09,326 - analysis.correlation_perFreq - WARNING - Sending 3 R values with timestamp 429276.223384'
'2022-02-08 15:15:09,685 - analysis.correlation_perFreq - WARNING - Sending 3 R values with timestamp 429276.5814761'
'2022-02-08 15:15:10,046 - analysis.correlation_perFreq - WARNING - Sending 3 R values with timestamp 429276.9395365'
'2022-02-08 15:15:10,406 - analysis.correlation_perFreq - WARNING - Sending 3 R values with timestamp 429277.2956357'
'2022-02-08 15:15:10,791 - analysis.correlation_perFreq - WARNING - Sending 3 R values with timestamp 429277.2966176'
'2022-02-08 15:15:10,827 - analysis.correlation_perFreq - WARNING - Sending 3 R values with timestamp 429277.7037117'
'2022-02-08 15:15:11,150 - analysis.correlation_perFreq - WARNING - Sending 3 R values with timestamp 429277.7047151'
'2022-02-08 15:15:11,171 - analysis.correlation_perFreq - WARNING - Sending 3 R values with timestamp 429278.0598051'
'2022-02-08 15:15:11,507 - analysis.correlation_perFreq - WARNING - Sending 3 R values with timestamp 429278.0637962'
'2022-02-08 15:15:11,530 - analysis.correlation_perFreq - WARNING - Sending 3 R values with timestamp 429278.4198704'
'2022-02-08 15:15:11,891 - analysis.correlation_perFreq - WARNING - Sending 3 R values with timestamp 429278.7809585'
'2022-02-08 15:15:12,249 - analysis.correlation_perFreq - WARNING - Sending 3 R values with timestamp 429279.1390277'
'2022-02-08 15:15:12,607 - analysis.correlation_perFreq - WARNING - Sending 3 R values with timestamp 429279.4971071'
'2022-02-08 15:15:12,967 - analysis.correlation_perFreq - WARNING - Sending 3 R values with timestamp 429279.8572033'
'2022-02-08 15:15:13,300 - analysis.correlation_perFreq - WARNING - Sending 3 R values with timestamp 429279.8573035'
'2022-02-08 15:15:13,326 - analysis.correlation_perFreq - WARNING - Sending 3 R values with timestamp 429280.2132894'
'2022-02-08 15:15:13,685 - analysis.correlation_perFreq - WARNING - Sending 3 R values with timestamp 429280.5713641'
'2022-02-08 15:15:14,046 - analysis.correlation_perFreq - WARNING - Sending 3 R values with timestamp 429280.9284519'
'2022-02-08 15:15:14,389 - analysis.correlation_perFreq - WARNING - Sending 3 R values with timestamp 429281.2855485'
'2022-02-08 15:15:14,731 - analysis.correlation_perFreq - WARNING - Sending 3 R values with timestamp 429281.2856407'
'2022-02-08 15:15:14,764 - analysis.correlation_perFreq - WARNING - Sending 3 R values with timestamp 429281.6426702'
'2022-02-08 15:15:15,109 - analysis.correlation_perFreq - WARNING - Sending 3 R values with timestamp 429282.0017445'
'2022-02-08 15:15:15,467 - analysis.correlation_perFreq - WARNING - Sending 3 R values with timestamp 429282.3597711'
'2022-02-08 15:15:15,826 - analysis.correlation_perFreq - WARNING - Sending 3 R values with timestamp 429282.7168401'
'2022-02-08 15:15:16,162 - analysis.correlation_perFreq - WARNING - Sending 3 R values with timestamp 429282.7169203'
'2022-02-08 15:15:16,186 - analysis.correlation_perFreq - WARNING - Sending 3 R values with timestamp 429283.0729345'
'2022-02-08 15:15:16,519 - analysis.correlation_perFreq - WARNING - Sending 3 R values with timestamp 429283.0759368'
'2022-02-08 15:15:16,545 - analysis.correlation_perFreq - WARNING - Sending 3 R values with timestamp 429283.430002'
'2022-02-08 15:15:16,876 - analysis.correlation_perFreq - WARNING - Sending 3 R values with timestamp 429283.4330007'
'2022-02-08 15:15:16,906 - analysis.correlation_perFreq - WARNING - Sending 3 R values with timestamp 429283.7881314'
'2022-02-08 15:15:17,266 - analysis.correlation_perFreq - WARNING - Sending 3 R values with timestamp 429284.1481745'
'2022-02-08 15:15:17,623 - analysis.correlation_perFreq - WARNING - Sending 3 R values with timestamp 429284.5082573'
'2022-02-08 15:15:17,983 - analysis.correlation_perFreq - WARNING - Sending 3 R values with timestamp 429284.864344'
'2022-02-08 15:15:18,311 - analysis.correlation_perFreq - WARNING - Sending 3 R values with timestamp 429284.8663345'
'2022-02-08 15:15:18,341 - analysis.correlation_perFreq - WARNING - Sending 3 R values with timestamp 429285.2224112'
'2022-02-08 15:15:18,671 - analysis.correlation_perFreq - WARNING - Sending 3 R values with timestamp 429285.2254117'
'2022-02-08 15:15:18,703 - analysis.correlation_perFreq - WARNING - Sending 3 R values with timestamp 429285.5804979'
'2022-02-08 15:15:19,046 - analysis.correlation_perFreq - WARNING - Sending 3 R values with timestamp 429285.9405743'
'2022-02-08 15:15:19,406 - analysis.correlation_perFreq - WARNING - Sending 3 R values with timestamp 429286.2986686'
'2022-02-08 15:15:19,765 - analysis.correlation_perFreq - WARNING - Sending 3 R values with timestamp 429286.6567429'
'2022-02-08 15:15:20,151 - analysis.correlation_perFreq - WARNING - Sending 3 R values with timestamp 429286.6568536'
'2022-02-08 15:15:25,343 - analysis.correlation_perFreq - WARNING - Sending 3 R values with timestamp 429292.0639518'
'2022-02-08 15:15:25,530 - analysis.correlation_perFreq - WARNING - Sending 3 R values with timestamp 429292.4230467'
'2022-02-08 15:15:25,890 - analysis.correlation_perFreq - WARNING - Sending 3 R values with timestamp 429292.7821469'
'2022-02-08 15:15:26,249 - analysis.correlation_perFreq - WARNING - Sending 3 R values with timestamp 429293.1392256'
'2022-02-08 15:15:26,655 - analysis.correlation_perFreq - WARNING - Sending 3 R values with timestamp 429293.5504191'
'2022-02-08 15:15:27,014 - analysis.correlation_perFreq - WARNING - Sending 3 R values with timestamp 429293.9083936'
'2022-02-08 15:15:27,373 - analysis.correlation_perFreq - WARNING - Sending 3 R values with timestamp 429294.2684785'
'2022-02-08 15:15:27,733 - analysis.correlation_perFreq - WARNING - Sending 3 R values with timestamp 429294.6265394'
'2022-02-08 15:15:28,092 - analysis.correlation_perFreq - WARNING - Sending 3 R values with timestamp 429294.9856174'
'2022-02-08 15:15:28,452 - analysis.correlation_perFreq - WARNING - Sending 3 R values with timestamp 429295.3437107'
'2022-02-08 15:15:28,811 - analysis.correlation_perFreq - WARNING - Sending 3 R values with timestamp 429295.700775'
'2022-02-08 15:15:29,170 - analysis.correlation_perFreq - WARNING - Sending 3 R values with timestamp 429296.057865'
'2022-02-08 15:15:29,531 - analysis.correlation_perFreq - WARNING - Sending 3 R values with timestamp 429296.4159374'
'2022-02-08 15:15:29,890 - analysis.correlation_perFreq - WARNING - Sending 3 R values with timestamp 429296.774018'
'2022-02-08 15:15:30,249 - analysis.correlation_perFreq - WARNING - Sending 3 R values with timestamp 429297.1321029'
'2022-02-08 15:15:30,607 - analysis.correlation_perFreq - WARNING - Sending 3 R values with timestamp 429297.4902237'
'2022-02-08 15:15:30,952 - analysis.correlation_perFreq - WARNING - Sending 3 R values with timestamp 429297.8472697'
'2022-02-08 15:15:31,311 - analysis.correlation_perFreq - WARNING - Sending 3 R values with timestamp 429298.2053512'
'2022-02-08 15:15:31,670 - analysis.correlation_perFreq - WARNING - Sending 3 R values with timestamp 429298.5624208'
'2022-02-08 15:15:32,032 - analysis.correlation_perFreq - WARNING - Sending 3 R values with timestamp 429298.9215057'
'2022-02-08 15:15:32,389 - analysis.correlation_perFreq - WARNING - Sending 3 R values with timestamp 429299.2786023'
'2022-02-08 15:15:32,750 - analysis.correlation_perFreq - WARNING - Sending 3 R values with timestamp 429299.6357129'
'2022-02-08 15:15:33,108 - analysis.correlation_perFreq - WARNING - Sending 3 R values with timestamp 429299.995753'
'2022-02-08 15:15:33,440 - analysis.correlation_perFreq - WARNING - Sending 3 R values with timestamp 429299.9958573'
'2022-02-08 15:15:33,467 - analysis.correlation_perFreq - WARNING - Sending 3 R values with timestamp 429300.3528345'
'2022-02-08 15:15:33,827 - analysis.correlation_perFreq - WARNING - Sending 3 R values with timestamp 429300.7119139'
'2022-02-08 15:15:34,186 - analysis.correlation_perFreq - WARNING - Sending 3 R values with timestamp 429301.070014'
'2022-02-08 15:15:34,530 - analysis.correlation_perFreq - WARNING - Sending 3 R values with timestamp 429301.4270697'
'2022-02-08 15:15:34,890 - analysis.correlation_perFreq - WARNING - Sending 3 R values with timestamp 429301.7851561'
'2022-02-08 15:15:35,248 - analysis.correlation_perFreq - WARNING - Sending 3 R values with timestamp 429302.1432302'
'2022-02-08 15:15:35,607 - analysis.correlation_perFreq - WARNING - Sending 3 R values with timestamp 429302.5023301'
'2022-02-08 15:15:35,966 - analysis.correlation_perFreq - WARNING - Sending 3 R values with timestamp 429302.860411'
'2022-02-08 15:15:36,375 - analysis.correlation_perFreq - WARNING - Sending 3 R values with timestamp 429303.2674892'
'2022-02-08 15:15:36,734 - analysis.correlation_perFreq - WARNING - Sending 3 R values with timestamp 429303.6255656'
'2022-02-08 15:15:37,093 - analysis.correlation_perFreq - WARNING - Sending 3 R values with timestamp 429303.9826512'
'2022-02-08 15:15:37,451 - analysis.correlation_perFreq - WARNING - Sending 3 R values with timestamp 429304.3397371'
'2022-02-08 15:15:37,811 - analysis.correlation_perFreq - WARNING - Sending 3 R values with timestamp 429304.698809'
'2022-02-08 15:17:16,140 - acquisition.discovery - WARNING - EEG-Purple-1610: Connected'
'2022-02-08 15:17:16,141 - acquisition.discovery - WARNING - EEG-Orange-0345: Connected'
'2022-02-08 15:17:23,780 - analysis.correlation_perFreq - WARNING - Sending 3 R values with timestamp 429410.6659581'
'2022-02-08 15:17:24,112 - analysis.correlation_perFreq - WARNING - Sending 3 R values with timestamp 429410.6689608'
'2022-02-08 15:17:24,139 - analysis.correlation_perFreq - WARNING - Sending 3 R values with timestamp 429411.0240426'
'2022-02-08 15:17:24,468 - analysis.correlation_perFreq - WARNING - Sending 3 R values with timestamp 429411.0260569'
'2022-02-08 15:17:24,499 - analysis.correlation_perFreq - WARNING - Sending 3 R values with timestamp 429411.3811306'
'2022-02-08 15:17:24,842 - analysis.correlation_perFreq - WARNING - Sending 3 R values with timestamp 429411.7381979'
'2022-02-08 15:17:25,203 - analysis.correlation_perFreq - WARNING - Sending 3 R values with timestamp 429412.0972888'
'2022-02-08 15:17:25,561 - analysis.correlation_perFreq - WARNING - Sending 3 R values with timestamp 429412.4533815'
'2022-02-08 15:17:25,920 - analysis.correlation_perFreq - WARNING - Sending 3 R values with timestamp 429412.8124475'
'2022-02-08 15:17:26,257 - analysis.correlation_perFreq - WARNING - Sending 3 R values with timestamp 429412.8125288'
'2022-02-08 15:17:26,280 - analysis.correlation_perFreq - WARNING - Sending 3 R values with timestamp 429413.1685633'
'2022-02-08 15:17:26,615 - analysis.correlation_perFreq - WARNING - Sending 3 R values with timestamp 429413.1705285'
'2022-02-08 15:17:26,639 - analysis.correlation_perFreq - WARNING - Sending 3 R values with timestamp 429413.5256059'
'2022-02-08 15:17:26,971 - analysis.correlation_perFreq - WARNING - Sending 3 R values with timestamp 429413.5286158'
'2022-02-08 15:17:26,998 - analysis.correlation_perFreq - WARNING - Sending 3 R values with timestamp 429413.8817327'
'2022-02-08 15:17:27,328 - analysis.correlation_perFreq - WARNING - Sending 3 R values with timestamp 429413.8846965'
'2022-02-08 15:17:27,358 - analysis.correlation_perFreq - WARNING - Sending 3 R values with timestamp 429414.2407699'
'2022-02-08 15:17:27,717 - analysis.correlation_perFreq - WARNING - Sending 3 R values with timestamp 429414.5998562'
'2022-02-08 15:17:28,061 - analysis.correlation_perFreq - WARNING - Sending 3 R values with timestamp 429414.9559343'
'2022-02-08 15:17:28,420 - analysis.correlation_perFreq - WARNING - Sending 3 R values with timestamp 429415.3130197'
'2022-02-08 15:17:28,780 - analysis.correlation_perFreq - WARNING - Sending 3 R values with timestamp 429415.6690864'
'2022-02-08 15:17:29,139 - analysis.correlation_perFreq - WARNING - Sending 3 R values with timestamp 429416.0271805'
'2022-02-08 15:17:29,545 - analysis.correlation_perFreq - WARNING - Sending 3 R values with timestamp 429416.4352659'
'2022-02-08 15:17:29,904 - analysis.correlation_perFreq - WARNING - Sending 3 R values with timestamp 429416.7923563'
'2022-02-08 15:17:30,264 - analysis.correlation_perFreq - WARNING - Sending 3 R values with timestamp 429417.1494355'
'2022-02-08 15:17:30,625 - analysis.correlation_perFreq - WARNING - Sending 3 R values with timestamp 429417.5065112'
'2022-02-08 15:17:30,968 - analysis.correlation_perFreq - WARNING - Sending 3 R values with timestamp 429417.8645814'
'2022-02-08 15:17:31,328 - analysis.correlation_perFreq - WARNING - Sending 3 R values with timestamp 429418.222678'
'2022-02-08 15:17:31,686 - analysis.correlation_perFreq - WARNING - Sending 3 R values with timestamp 429418.5827481'
'2022-02-08 15:17:32,045 - analysis.correlation_perFreq - WARNING - Sending 3 R values with timestamp 429418.9408634'
'2022-02-08 15:17:32,405 - analysis.correlation_perFreq - WARNING - Sending 3 R values with timestamp 429419.2999128'
'2022-02-08 15:17:32,764 - analysis.correlation_perFreq - WARNING - Sending 3 R values with timestamp 429419.6590107'
'2022-02-08 15:17:33,123 - analysis.correlation_perFreq - WARNING - Sending 3 R values with timestamp 429420.016078'
'2022-02-08 15:17:33,482 - analysis.correlation_perFreq - WARNING - Sending 3 R values with timestamp 429420.3731546'
'2022-02-08 15:17:33,844 - analysis.correlation_perFreq - WARNING - Sending 3 R values with timestamp 429420.7302445'
'2022-02-08 15:17:34,202 - analysis.correlation_perFreq - WARNING - Sending 3 R values with timestamp 429421.0883408'
'2022-02-08 15:17:34,560 - analysis.correlation_perFreq - WARNING - Sending 3 R values with timestamp 429421.446404'
'2022-02-08 15:17:34,919 - analysis.correlation_perFreq - WARNING - Sending 3 R values with timestamp 429421.80349'
'2022-02-08 15:17:35,247 - analysis.correlation_perFreq - WARNING - Sending 3 R values with timestamp 429421.8035887'
'2022-02-08 15:17:35,281 - analysis.correlation_perFreq - WARNING - Sending 3 R values with timestamp 429422.1595549'
'2022-02-08 15:17:35,624 - analysis.correlation_perFreq - WARNING - Sending 3 R values with timestamp 429422.5186384'
'2022-02-08 15:17:35,984 - analysis.correlation_perFreq - WARNING - Sending 3 R values with timestamp 429422.8757194'
'2022-02-08 15:17:36,342 - analysis.correlation_perFreq - WARNING - Sending 3 R values with timestamp 429423.2328042'
'2022-02-08 15:17:36,702 - analysis.correlation_perFreq - WARNING - Sending 3 R values with timestamp 429423.5898951'
'2022-02-08 15:17:37,035 - analysis.correlation_perFreq - WARNING - Sending 3 R values with timestamp 429423.5899784'
'2022-02-08 15:17:37,061 - analysis.correlation_perFreq - WARNING - Sending 3 R values with timestamp 429423.9480757'
'2022-02-08 15:17:37,468 - analysis.correlation_perFreq - WARNING - Sending 3 R values with timestamp 429424.359063'
'2022-02-08 15:17:37,826 - analysis.correlation_perFreq - WARNING - Sending 3 R values with timestamp 429424.7171656'
'2022-02-08 15:17:38,185 - analysis.correlation_perFreq - WARNING - Sending 3 R values with timestamp 429425.075225'
'2022-02-08 15:17:38,545 - analysis.correlation_perFreq - WARNING - Sending 3 R values with timestamp 429425.4343054'
'2022-02-08 15:17:38,906 - analysis.correlation_perFreq - WARNING - Sending 3 R values with timestamp 429425.7923832'
'2022-02-08 15:17:39,264 - analysis.correlation_perFreq - WARNING - Sending 3 R values with timestamp 429426.1494851'
'2022-02-08 15:17:39,624 - analysis.correlation_perFreq - WARNING - Sending 3 R values with timestamp 429426.5075594'
'2022-02-08 15:17:39,983 - analysis.correlation_perFreq - WARNING - Sending 3 R values with timestamp 429426.8656219'
'2022-02-08 15:17:40,405 - analysis.correlation_perFreq - WARNING - Sending 3 R values with timestamp 429427.2237099'
'2022-02-08 15:17:40,686 - analysis.correlation_perFreq - WARNING - Sending 3 R values with timestamp 429427.5827866'
'2022-02-08 15:17:41,045 - analysis.correlation_perFreq - WARNING - Sending 3 R values with timestamp 429427.9398581'
'2022-02-08 15:17:41,405 - analysis.correlation_perFreq - WARNING - Sending 3 R values with timestamp 429428.2989479'
'2022-02-08 15:17:41,764 - analysis.correlation_perFreq - WARNING - Sending 3 R values with timestamp 429428.6570246'
'2022-02-08 15:17:42,123 - analysis.correlation_perFreq - WARNING - Sending 3 R values with timestamp 429429.0141045'
'2022-02-08 15:17:42,483 - analysis.correlation_perFreq - WARNING - Sending 3 R values with timestamp 429429.3731873'
'2022-02-08 15:17:42,843 - analysis.correlation_perFreq - WARNING - Sending 3 R values with timestamp 429429.7302728'
'2022-02-08 15:17:43,202 - analysis.correlation_perFreq - WARNING - Sending 3 R values with timestamp 429430.0863547'
'2022-02-08 15:17:43,560 - analysis.correlation_perFreq - WARNING - Sending 3 R values with timestamp 429430.4434361'
'2022-02-08 15:17:43,906 - analysis.correlation_perFreq - WARNING - Sending 3 R values with timestamp 429430.8005076'
'2022-02-08 15:17:44,264 - analysis.correlation_perFreq - WARNING - Sending 3 R values with timestamp 429431.1586141'
'2022-02-08 15:17:44,624 - analysis.correlation_perFreq - WARNING - Sending 3 R values with timestamp 429431.5176783'
'2022-02-08 15:17:44,983 - analysis.correlation_perFreq - WARNING - Sending 3 R values with timestamp 429431.8767512'
'2022-02-08 15:17:45,342 - analysis.correlation_perFreq - WARNING - Sending 3 R values with timestamp 429432.2348378'
'2022-02-08 15:17:45,701 - analysis.correlation_perFreq - WARNING - Sending 3 R values with timestamp 429432.5939213'
'2022-02-08 15:17:46,061 - analysis.correlation_perFreq - WARNING - Sending 3 R values with timestamp 429432.9509943'
'2022-02-08 15:17:46,467 - analysis.correlation_perFreq - WARNING - Sending 3 R values with timestamp 429433.3600973'
'2022-02-08 15:17:46,826 - analysis.correlation_perFreq - WARNING - Sending 3 R values with timestamp 429433.7171699'
'2022-02-08 15:17:47,160 - analysis.correlation_perFreq - WARNING - Sending 3 R values with timestamp 429433.7172544'
'2022-02-08 15:17:47,185 - analysis.correlation_perFreq - WARNING - Sending 3 R values with timestamp 429434.0732568'
'2022-02-08 15:17:47,546 - analysis.correlation_perFreq - WARNING - Sending 3 R values with timestamp 429434.4313319'
'2022-02-08 15:17:47,904 - analysis.correlation_perFreq - WARNING - Sending 3 R values with timestamp 429434.7894136'
'2022-02-08 15:17:48,264 - analysis.correlation_perFreq - WARNING - Sending 3 R values with timestamp 429435.1464883'
'2022-02-08 15:17:48,591 - analysis.correlation_perFreq - WARNING - Sending 3 R values with timestamp 429435.1465815'
'2022-02-08 15:17:48,624 - analysis.correlation_perFreq - WARNING - Sending 3 R values with timestamp 429435.5025764'
'2022-02-08 15:17:48,967 - analysis.correlation_perFreq - WARNING - Sending 3 R values with timestamp 429435.8596586'
'2022-02-08 15:17:49,327 - analysis.correlation_perFreq - WARNING - Sending 3 R values with timestamp 429436.2167392'
'2022-02-08 15:17:49,686 - analysis.correlation_perFreq - WARNING - Sending 3 R values with timestamp 429436.5748219'
'2022-02-08 15:17:50,045 - analysis.correlation_perFreq - WARNING - Sending 3 R values with timestamp 429436.932908'
'2022-02-08 15:19:07,482 - acquisition.discovery - WARNING - EEG-Orange-6244: Connected'
'2022-02-08 15:19:07,483 - acquisition.discovery - WARNING - EEG-Purple-9080: Connected'
'2022-02-08 15:21:18,084 - acquisition.discovery - WARNING - EEG-Purple-7340: Connected'
'2022-02-08 15:21:18,085 - acquisition.discovery - WARNING - EEG-Orange-7837: Connected'
'2022-02-08 15:26:17,521 - acquisition.discovery - WARNING - EEG-Orange-0106: Connected'
'2022-02-08 15:26:17,522 - acquisition.discovery - WARNING - EEG-Purple-3467: Connected'
'2022-02-08 15:27:10,569 - analysis.correlation_perFreq - WARNING - called trigger'
'2022-02-08 15:27:12,000 - analysis.correlation_perFreq - WARNING - called trigger'
'2022-02-08 15:27:12,735 - analysis.correlation_perFreq - WARNING - called trigger'
'2022-02-08 15:27:13,365 - analysis.correlation_perFreq - WARNING - called trigger'
'2022-02-08 15:27:13,852 - analysis.correlation_perFreq - WARNING - called trigger'
'2022-02-08 15:27:14,523 - analysis.correlation_perFreq - WARNING - called trigger'
'2022-02-08 15:27:14,879 - analysis.correlation_perFreq - WARNING - called trigger'
'2022-02-08 15:27:15,112 - analysis.correlation_perFreq - WARNING - called trigger'
'2022-02-08 15:27:15,667 - analysis.correlation_perFreq - WARNING - called trigger'
'2022-02-08 15:27:16,255 - analysis.correlation_perFreq - WARNING - called trigger'
'2022-02-08 15:27:16,680 - analysis.correlation_perFreq - WARNING - called trigger'
'2022-02-08 15:28:54,399 - acquisition.discovery - WARNING - EEG-Orange-0566: Connected'
'2022-02-08 15:28:54,400 - acquisition.discovery - WARNING - EEG-Purple-6640: Connected'
'2022-02-08 15:29:02,437 - analysis.correlation_perFreq - WARNING - Sending 3 R values with timestamp 430109.2855039'
'2022-02-08 15:29:02,751 - analysis.correlation_perFreq - WARNING - Sending 3 R values with timestamp 430109.6425904'
'2022-02-08 15:29:03,109 - analysis.correlation_perFreq - WARNING - Sending 3 R values with timestamp 430110.0006779'
'2022-02-08 15:29:03,468 - analysis.correlation_perFreq - WARNING - Sending 3 R values with timestamp 430110.3577399'
'2022-02-08 15:29:03,827 - analysis.correlation_perFreq - WARNING - Sending 3 R values with timestamp 430110.7138318'
'2022-02-08 15:29:04,186 - analysis.correlation_perFreq - WARNING - Sending 3 R values with timestamp 430111.0709016'
'2022-02-08 15:29:04,545 - analysis.correlation_perFreq - WARNING - Sending 3 R values with timestamp 430111.4279956'
'2022-02-08 15:29:04,889 - analysis.correlation_perFreq - WARNING - Sending 3 R values with timestamp 430111.7850912'
'2022-02-08 15:29:05,229 - analysis.correlation_perFreq - WARNING - Sending 3 R values with timestamp 430111.7851822'
'2022-02-08 15:29:05,265 - analysis.correlation_perFreq - WARNING - Sending 3 R values with timestamp 430112.142171'
'2022-02-08 15:29:05,585 - analysis.correlation_perFreq - WARNING - Sending 3 R values with timestamp 430112.1431386'
'2022-02-08 15:29:05,607 - analysis.correlation_perFreq - WARNING - Sending 3 R values with timestamp 430112.4982247'
'2022-02-08 15:29:05,944 - analysis.correlation_perFreq - WARNING - Sending 3 R values with timestamp 430112.499221'
'2022-02-08 15:29:05,967 - analysis.correlation_perFreq - WARNING - Sending 3 R values with timestamp 430112.8553195'
'2022-02-08 15:29:06,302 - analysis.correlation_perFreq - WARNING - Sending 3 R values with timestamp 430112.8583031'
'2022-02-08 15:29:06,326 - analysis.correlation_perFreq - WARNING - Sending 3 R values with timestamp 430113.2133791'
'2022-02-08 15:29:06,733 - analysis.correlation_perFreq - WARNING - Sending 3 R values with timestamp 430113.5734631'
'2022-02-08 15:29:07,092 - analysis.correlation_perFreq - WARNING - Sending 3 R values with timestamp 430113.9775546'
'2022-02-08 15:29:07,426 - analysis.correlation_perFreq - WARNING - Sending 3 R values with timestamp 430113.9825608'
'2022-02-08 15:29:07,453 - analysis.correlation_perFreq - WARNING - Sending 3 R values with timestamp 430114.3356495'
'2022-02-08 15:29:07,782 - analysis.correlation_perFreq - WARNING - Sending 3 R values with timestamp 430114.339641'
'2022-02-08 15:29:07,811 - analysis.correlation_perFreq - WARNING - Sending 3 R values with timestamp 430114.6917167'
'2022-02-08 15:29:08,140 - analysis.correlation_perFreq - WARNING - Sending 3 R values with timestamp 430114.6957146'
'2022-02-08 15:29:08,171 - analysis.correlation_perFreq - WARNING - Sending 3 R values with timestamp 430115.0478121'
'2022-02-08 15:29:08,496 - analysis.correlation_perFreq - WARNING - Sending 3 R values with timestamp 430115.0538018'
'2022-02-08 15:29:08,530 - analysis.correlation_perFreq - WARNING - Sending 3 R values with timestamp 430115.4048791'
'2022-02-08 15:29:08,853 - analysis.correlation_perFreq - WARNING - Sending 3 R values with timestamp 430115.4098864'
'2022-02-08 15:29:08,873 - analysis.correlation_perFreq - WARNING - Sending 3 R values with timestamp 430115.7609673'
'2022-02-08 15:29:09,209 - analysis.correlation_perFreq - WARNING - Sending 3 R values with timestamp 430115.7660042'
'2022-02-08 15:29:09,232 - analysis.correlation_perFreq - WARNING - Sending 3 R values with timestamp 430116.1200475'
'2022-02-08 15:29:09,565 - analysis.correlation_perFreq - WARNING - Sending 3 R values with timestamp 430116.1230422'
'2022-02-08 15:29:09,593 - analysis.correlation_perFreq - WARNING - Sending 3 R values with timestamp 430116.4781316'
'2022-02-08 15:29:09,921 - analysis.correlation_perFreq - WARNING - Sending 3 R values with timestamp 430116.4791184'
'2022-02-08 15:29:09,952 - analysis.correlation_perFreq - WARNING - Sending 3 R values with timestamp 430116.8342093'
'2022-02-08 15:29:10,310 - analysis.correlation_perFreq - WARNING - Sending 3 R values with timestamp 430117.1932941'
'2022-02-08 15:29:10,655 - analysis.correlation_perFreq - WARNING - Sending 3 R values with timestamp 430117.5503624'
'2022-02-08 15:29:10,993 - analysis.correlation_perFreq - WARNING - Sending 3 R values with timestamp 430117.550449'
'2022-02-08 15:29:11,013 - analysis.correlation_perFreq - WARNING - Sending 3 R values with timestamp 430117.9064497'
'2022-02-08 15:29:11,024 - analysis.correlation_perFreq - WARNING - called trigger'
'2022-02-08 15:29:11,375 - analysis.correlation_perFreq - WARNING - Sending 3 R values with timestamp 430118.2625365'
'2022-02-08 15:29:11,733 - analysis.correlation_perFreq - WARNING - Sending 3 R values with timestamp 430118.6206116'
'2022-02-08 15:29:12,092 - analysis.correlation_perFreq - WARNING - Sending 3 R values with timestamp 430118.9756889'
'2022-02-08 15:29:12,421 - analysis.correlation_perFreq - WARNING - Sending 3 R values with timestamp 430118.9796836'
'2022-02-08 15:29:12,452 - analysis.correlation_perFreq - WARNING - Sending 3 R values with timestamp 430119.3327729'
'2022-02-08 15:29:12,859 - analysis.correlation_perFreq - WARNING - Sending 3 R values with timestamp 430119.692848'
'2022-02-08 15:29:13,202 - analysis.correlation_perFreq - WARNING - Sending 3 R values with timestamp 430120.0989463'
'2022-02-08 15:29:13,319 - analysis.correlation_perFreq - WARNING - called trigger'
'2022-02-08 15:29:13,561 - analysis.correlation_perFreq - WARNING - Sending 3 R values with timestamp 430120.4570233'
'2022-02-08 15:29:13,921 - analysis.correlation_perFreq - WARNING - Sending 3 R values with timestamp 430120.8121154'
'2022-02-08 15:29:14,255 - analysis.correlation_perFreq - WARNING - Sending 3 R values with timestamp 430120.814104'
'2022-02-08 15:29:14,280 - analysis.correlation_perFreq - WARNING - Sending 3 R values with timestamp 430121.1681798'
'2022-02-08 15:29:14,612 - analysis.correlation_perFreq - WARNING - Sending 3 R values with timestamp 430121.1691783'
'2022-02-08 15:29:14,638 - analysis.correlation_perFreq - WARNING - Sending 3 R values with timestamp 430121.524265'
'2022-02-08 15:29:14,967 - analysis.correlation_perFreq - WARNING - Sending 3 R values with timestamp 430121.5262569'
'2022-02-08 15:29:14,999 - analysis.correlation_perFreq - WARNING - Sending 3 R values with timestamp 430121.8793433'
'2022-02-08 15:29:15,325 - analysis.correlation_perFreq - WARNING - Sending 3 R values with timestamp 430121.8813296'
'2022-02-08 15:29:15,357 - analysis.correlation_perFreq - WARNING - Sending 3 R values with timestamp 430122.2354259'
'2022-02-08 15:29:15,682 - analysis.correlation_perFreq - WARNING - Sending 3 R values with timestamp 430122.2384201'
'2022-02-08 15:29:15,718 - analysis.correlation_perFreq - WARNING - Sending 3 R values with timestamp 430122.592503'
'2022-02-08 15:29:16,038 - analysis.correlation_perFreq - WARNING - Sending 3 R values with timestamp 430122.5955035'
'2022-02-08 15:29:16,062 - analysis.correlation_perFreq - WARNING - Sending 3 R values with timestamp 430122.9495854'
'2022-02-08 15:29:16,394 - analysis.correlation_perFreq - WARNING - Sending 3 R values with timestamp 430122.951577'
'2022-02-08 15:29:16,420 - analysis.correlation_perFreq - WARNING - Sending 3 R values with timestamp 430123.3066687'
'2022-02-08 15:29:16,751 - analysis.correlation_perFreq - WARNING - Sending 3 R values with timestamp 430123.3076553'
'2022-02-08 15:29:16,781 - analysis.correlation_perFreq - WARNING - Sending 3 R values with timestamp 430123.6637504'
'2022-02-08 15:29:17,108 - analysis.correlation_perFreq - WARNING - Sending 3 R values with timestamp 430123.6647485'
'2022-02-08 15:29:17,139 - analysis.correlation_perFreq - WARNING - Sending 3 R values with timestamp 430124.0208281'
'2022-02-08 15:29:17,464 - analysis.correlation_perFreq - WARNING - Sending 3 R values with timestamp 430124.0218214'
'2022-02-08 15:29:17,498 - analysis.correlation_perFreq - WARNING - Sending 3 R values with timestamp 430124.3769133'
'2022-02-08 15:29:17,889 - analysis.correlation_perFreq - WARNING - Sending 3 R values with timestamp 430124.7839998'
'2022-02-08 15:29:18,248 - analysis.correlation_perFreq - WARNING - Sending 3 R values with timestamp 430125.143084'
'2022-02-08 15:29:18,607 - analysis.correlation_perFreq - WARNING - Sending 3 R values with timestamp 430125.5031592'
'2022-02-08 15:29:18,967 - analysis.correlation_perFreq - WARNING - Sending 3 R values with timestamp 430125.8622509'
'2022-02-08 15:29:19,327 - analysis.correlation_perFreq - WARNING - Sending 3 R values with timestamp 430126.2203257'
'2022-02-08 15:29:19,686 - analysis.correlation_perFreq - WARNING - Sending 3 R values with timestamp 430126.5784055'
'2022-02-08 15:29:20,045 - analysis.correlation_perFreq - WARNING - Sending 3 R values with timestamp 430126.9344914'
'2022-02-08 15:29:20,406 - analysis.correlation_perFreq - WARNING - Sending 3 R values with timestamp 430127.2925784'
'2022-02-08 15:29:20,737 - analysis.correlation_perFreq - WARNING - Sending 3 R values with timestamp 430127.2926652'
'2022-02-08 15:29:20,764 - analysis.correlation_perFreq - WARNING - Sending 3 R values with timestamp 430127.6486419'
'2022-02-08 15:29:21,056 - analysis.correlation_perFreq - WARNING - called trigger'
'2022-02-08 15:29:21,096 - analysis.correlation_perFreq - WARNING - Sending 3 R values with timestamp 430127.6496408'
'2022-02-08 15:29:21,125 - analysis.correlation_perFreq - WARNING - Sending 3 R values with timestamp 430128.0057401'
'2022-02-08 15:29:21,453 - analysis.correlation_perFreq - WARNING - Sending 3 R values with timestamp 430128.0087814'
'2022-02-08 15:29:21,483 - analysis.correlation_perFreq - WARNING - Sending 3 R values with timestamp 430128.3628099'
'2022-02-08 15:29:21,657 - analysis.correlation_perFreq - WARNING - called trigger'
'2022-02-08 15:29:21,809 - analysis.correlation_perFreq - WARNING - Sending 3 R values with timestamp 430128.3658024'
'2022-02-08 15:29:21,843 - analysis.correlation_perFreq - WARNING - Sending 3 R values with timestamp 430128.719893'
'2022-02-08 15:29:22,165 - analysis.correlation_perFreq - WARNING - Sending 3 R values with timestamp 430128.7228862'
'2022-02-08 15:29:22,186 - analysis.correlation_perFreq - WARNING - Sending 3 R values with timestamp 430129.0769718'
'2022-02-08 15:29:22,523 - analysis.correlation_perFreq - WARNING - Sending 3 R values with timestamp 430129.0789735'
'2022-02-08 15:29:22,546 - analysis.correlation_perFreq - WARNING - Sending 3 R values with timestamp 430129.4330442'
'2022-02-08 15:29:22,880 - analysis.correlation_perFreq - WARNING - Sending 3 R values with timestamp 430129.4370469'
'2022-02-08 15:29:22,905 - analysis.correlation_perFreq - WARNING - Sending 3 R values with timestamp 430129.7881368'
'2022-02-08 15:29:23,238 - analysis.correlation_perFreq - WARNING - Sending 3 R values with timestamp 430129.7941271'
'2022-02-08 15:29:23,263 - analysis.correlation_perFreq - WARNING - Sending 3 R values with timestamp 430130.1432137'
'2022-02-08 15:29:23,593 - analysis.correlation_perFreq - WARNING - Sending 3 R values with timestamp 430130.1512493'
'2022-02-08 15:29:23,624 - analysis.correlation_perFreq - WARNING - Sending 3 R values with timestamp 430130.500293'
'2022-02-08 15:29:23,950 - analysis.correlation_perFreq - WARNING - Sending 3 R values with timestamp 430130.5072739'
'2022-02-08 15:29:23,982 - analysis.correlation_perFreq - WARNING - Sending 3 R values with timestamp 430130.8553794'
'2022-02-08 15:29:24,374 - analysis.correlation_perFreq - WARNING - Sending 3 R values with timestamp 430131.2194591'
'2022-02-08 15:29:24,687 - analysis.correlation_perFreq - WARNING - Sending 3 R values with timestamp 430131.2634616'
'2022-02-08 15:29:24,733 - analysis.correlation_perFreq - WARNING - Sending 3 R values with timestamp 430131.577531'
'2022-02-08 15:29:25,092 - analysis.correlation_perFreq - WARNING - Sending 3 R values with timestamp 430131.9756313'
'2022-02-08 15:29:25,380 - analysis.correlation_perFreq - WARNING - called trigger'
'2022-02-08 15:29:25,426 - analysis.correlation_perFreq - WARNING - Sending 3 R values with timestamp 430131.9846169'
'2022-02-08 15:29:25,453 - analysis.correlation_perFreq - WARNING - Sending 3 R values with timestamp 430132.3317025'
'2022-02-08 15:29:25,782 - analysis.correlation_perFreq - WARNING - Sending 3 R values with timestamp 430132.3397105'
'2022-02-08 15:29:25,811 - analysis.correlation_perFreq - WARNING - Sending 3 R values with timestamp 430132.6887839'
'2022-02-08 15:29:25,973 - analysis.correlation_perFreq - WARNING - called trigger'
'2022-02-08 15:29:26,138 - analysis.correlation_perFreq - WARNING - Sending 3 R values with timestamp 430132.6947829'
'2022-02-08 15:29:26,170 - analysis.correlation_perFreq - WARNING - Sending 3 R values with timestamp 430133.0468678'
'2022-02-08 15:29:26,492 - analysis.correlation_perFreq - WARNING - Sending 3 R values with timestamp 430133.0508696'
'2022-02-08 15:29:26,514 - analysis.correlation_perFreq - WARNING - Sending 3 R values with timestamp 430133.4019431'
'2022-02-08 15:29:26,849 - analysis.correlation_perFreq - WARNING - Sending 3 R values with timestamp 430133.40595'
'2022-02-08 15:29:26,874 - analysis.correlation_perFreq - WARNING - Sending 3 R values with timestamp 430133.7610339'
'2022-02-08 15:29:27,232 - analysis.correlation_perFreq - WARNING - Sending 3 R values with timestamp 430134.1191242'
'2022-02-08 15:29:27,563 - analysis.correlation_perFreq - WARNING - Sending 3 R values with timestamp 430134.1192234'
'2022-02-08 15:29:27,592 - analysis.correlation_perFreq - WARNING - Sending 3 R values with timestamp 430134.4751899'
'2022-02-08 15:29:27,922 - analysis.correlation_perFreq - WARNING - Sending 3 R values with timestamp 430134.4772056'
'2022-02-08 15:29:27,952 - analysis.correlation_perFreq - WARNING - Sending 3 R values with timestamp 430134.8342717'
'2022-02-08 15:29:28,279 - analysis.correlation_perFreq - WARNING - Sending 3 R values with timestamp 430134.835256'
'2022-02-08 15:29:28,311 - analysis.correlation_perFreq - WARNING - Sending 3 R values with timestamp 430135.1923494'
'2022-02-08 15:29:37,498 - analysis.correlation_perFreq - WARNING - Sending 3 R values with timestamp 430144.1783856'
'2022-02-08 15:29:37,701 - analysis.correlation_perFreq - WARNING - Sending 3 R values with timestamp 430144.5854763'
'2022-02-08 15:29:38,062 - analysis.correlation_perFreq - WARNING - Sending 3 R values with timestamp 430144.9435629'
'2022-02-08 15:29:38,406 - analysis.correlation_perFreq - WARNING - Sending 3 R values with timestamp 430145.3006329'
'2022-02-08 15:29:38,764 - analysis.correlation_perFreq - WARNING - Sending 3 R values with timestamp 430145.6577192'
'2022-02-08 15:29:39,125 - analysis.correlation_perFreq - WARNING - Sending 3 R values with timestamp 430146.0168087'
'2022-02-08 15:29:39,484 - analysis.correlation_perFreq - WARNING - Sending 3 R values with timestamp 430146.3748851'
'2022-02-08 15:29:39,842 - analysis.correlation_perFreq - WARNING - Sending 3 R values with timestamp 430146.7329634'
'2022-02-08 15:29:40,201 - analysis.correlation_perFreq - WARNING - Sending 3 R values with timestamp 430147.0900381'
'2022-02-08 15:29:40,560 - analysis.correlation_perFreq - WARNING - Sending 3 R values with timestamp 430147.4481235'
'2022-02-08 15:29:40,892 - analysis.correlation_perFreq - WARNING - Sending 3 R values with timestamp 430147.4482242'
'2022-02-08 15:29:40,920 - analysis.correlation_perFreq - WARNING - Sending 3 R values with timestamp 430147.8051932'
'2022-02-08 15:29:41,281 - analysis.correlation_perFreq - WARNING - Sending 3 R values with timestamp 430148.1632839'
'2022-02-08 15:29:41,638 - analysis.correlation_perFreq - WARNING - Sending 3 R values with timestamp 430148.5203686'
'2022-02-08 15:29:41,982 - analysis.correlation_perFreq - WARNING - Sending 3 R values with timestamp 430148.8764422'
'2022-02-08 15:29:42,342 - analysis.correlation_perFreq - WARNING - called trigger'
'2022-02-08 15:29:42,342 - analysis.correlation_perFreq - WARNING - Sending 3 R values with timestamp 430149.2345232'
'2022-02-08 15:29:42,703 - analysis.correlation_perFreq - WARNING - Sending 3 R values with timestamp 430149.5906079'
'2022-02-08 15:29:43,061 - analysis.correlation_perFreq - WARNING - Sending 3 R values with timestamp 430149.9486885'
'2022-02-08 15:29:43,240 - analysis.correlation_perFreq - WARNING - called trigger'
'2022-02-08 15:29:43,421 - analysis.correlation_perFreq - WARNING - Sending 3 R values with timestamp 430150.304767'
'2022-02-08 15:29:43,779 - analysis.correlation_perFreq - WARNING - Sending 3 R values with timestamp 430150.6628475'
'2022-02-08 15:29:44,123 - analysis.correlation_perFreq - WARNING - Sending 3 R values with timestamp 430150.6629346'
'2022-02-08 15:29:44,186 - analysis.correlation_perFreq - WARNING - Sending 3 R values with timestamp 430151.0199297'
'2022-02-08 15:29:44,545 - analysis.correlation_perFreq - WARNING - Sending 3 R values with timestamp 430151.4260195'
'2022-02-08 15:29:44,872 - analysis.correlation_perFreq - WARNING - Sending 3 R values with timestamp 430151.4290155'
'2022-02-08 15:29:44,905 - analysis.correlation_perFreq - WARNING - Sending 3 R values with timestamp 430151.7831'
'2022-02-08 15:29:45,228 - analysis.correlation_perFreq - WARNING - Sending 3 R values with timestamp 430151.7860919'
'2022-02-08 15:29:45,248 - analysis.correlation_perFreq - WARNING - Sending 3 R values with timestamp 430152.141181'
'2022-02-08 15:29:45,586 - analysis.correlation_perFreq - WARNING - Sending 3 R values with timestamp 430152.1421738'
'2022-02-08 15:29:45,607 - analysis.correlation_perFreq - WARNING - Sending 3 R values with timestamp 430152.4972687'
'2022-02-08 15:29:45,943 - analysis.correlation_perFreq - WARNING - Sending 3 R values with timestamp 430152.5002636'
'2022-02-08 15:29:45,966 - analysis.correlation_perFreq - WARNING - Sending 3 R values with timestamp 430152.854388'
'2022-02-08 15:29:46,299 - analysis.correlation_perFreq - WARNING - Sending 3 R values with timestamp 430152.8573329'
'2022-02-08 15:29:46,327 - analysis.correlation_perFreq - WARNING - Sending 3 R values with timestamp 430153.2114232'
'2022-02-08 15:29:46,686 - analysis.correlation_perFreq - WARNING - Sending 3 R values with timestamp 430153.5685239'
'2022-02-08 15:29:47,032 - analysis.correlation_perFreq - WARNING - Sending 3 R values with timestamp 430153.9255932'
'2022-02-08 15:29:47,149 - analysis.correlation_perFreq - WARNING - called trigger'
'2022-02-08 15:29:47,375 - analysis.correlation_perFreq - WARNING - called trigger'
'2022-02-08 15:29:47,389 - analysis.correlation_perFreq - WARNING - Sending 3 R values with timestamp 430154.2846684'
'2022-02-08 15:29:47,573 - analysis.correlation_perFreq - WARNING - called trigger'
'2022-02-08 15:29:47,749 - analysis.correlation_perFreq - WARNING - Sending 3 R values with timestamp 430154.6417496'
'2022-02-08 15:29:47,774 - analysis.correlation_perFreq - WARNING - called trigger'
'2022-02-08 15:29:47,963 - analysis.correlation_perFreq - WARNING - called trigger'
'2022-02-08 15:29:48,108 - analysis.correlation_perFreq - WARNING - Sending 3 R values with timestamp 430155.0008387'
'2022-02-08 15:29:48,144 - analysis.correlation_perFreq - WARNING - called trigger'
'2022-02-08 15:29:48,309 - analysis.correlation_perFreq - WARNING - called trigger'
'2022-02-08 15:29:48,467 - analysis.correlation_perFreq - WARNING - Sending 3 R values with timestamp 430155.3569654'
'2022-02-08 15:29:48,474 - analysis.correlation_perFreq - WARNING - called trigger'
'2022-02-08 15:29:48,652 - analysis.correlation_perFreq - WARNING - called trigger'
'2022-02-08 15:29:48,828 - analysis.correlation_perFreq - WARNING - Sending 3 R values with timestamp 430155.7139898'
'2022-02-08 15:29:49,157 - analysis.correlation_perFreq - WARNING - Sending 3 R values with timestamp 430155.7140826'
'2022-02-08 15:29:49,186 - analysis.correlation_perFreq - WARNING - Sending 3 R values with timestamp 430156.0700675'
'2022-02-08 15:29:49,530 - analysis.correlation_perFreq - WARNING - Sending 3 R values with timestamp 430156.4271479'
'2022-02-08 15:29:49,734 - analysis.correlation_perFreq - WARNING - called trigger'
'2022-02-08 15:29:49,889 - analysis.correlation_perFreq - WARNING - Sending 3 R values with timestamp 430156.7842241'
'2022-02-08 15:29:49,971 - analysis.correlation_perFreq - WARNING - called trigger'
'2022-02-08 15:29:50,187 - analysis.correlation_perFreq - WARNING - called trigger'
'2022-02-08 15:29:50,249 - analysis.correlation_perFreq - WARNING - Sending 3 R values with timestamp 430157.1443184'
'2022-02-08 15:29:50,383 - analysis.correlation_perFreq - WARNING - called trigger'
'2022-02-08 15:29:50,558 - analysis.correlation_perFreq - WARNING - called trigger'
'2022-02-08 15:29:50,607 - analysis.correlation_perFreq - WARNING - Sending 3 R values with timestamp 430157.5013974'
'2022-02-08 15:29:50,733 - analysis.correlation_perFreq - WARNING - called trigger'
'2022-02-08 15:29:51,015 - analysis.correlation_perFreq - WARNING - Sending 3 R values with timestamp 430157.9094849'
'2022-02-08 15:29:51,355 - analysis.correlation_perFreq - WARNING - Sending 3 R values with timestamp 430157.9104863'
'2022-02-08 15:29:51,391 - analysis.correlation_perFreq - WARNING - Sending 3 R values with timestamp 430158.2655681'
'2022-02-08 15:29:51,711 - analysis.correlation_perFreq - WARNING - Sending 3 R values with timestamp 430158.2685567'
'2022-02-08 15:29:51,733 - analysis.correlation_perFreq - WARNING - Sending 3 R values with timestamp 430158.6227558'
'2022-02-08 15:29:52,092 - analysis.correlation_perFreq - WARNING - Sending 3 R values with timestamp 430158.9797274'
'2022-02-08 15:29:52,453 - analysis.correlation_perFreq - WARNING - Sending 3 R values with timestamp 430159.3368028'
'2022-02-08 15:29:52,659 - analysis.correlation_perFreq - WARNING - called trigger'
'2022-02-08 15:29:52,780 - analysis.correlation_perFreq - WARNING - Sending 3 R values with timestamp 430159.3368881'
'2022-02-08 15:29:52,811 - analysis.correlation_perFreq - WARNING - Sending 3 R values with timestamp 430159.6928887'
'2022-02-08 15:29:53,155 - analysis.correlation_perFreq - WARNING - Sending 3 R values with timestamp 430160.0499701'
'2022-02-08 15:29:53,514 - analysis.correlation_perFreq - WARNING - Sending 3 R values with timestamp 430160.4080451'
'2022-02-08 15:29:53,853 - analysis.correlation_perFreq - WARNING - Sending 3 R values with timestamp 430160.4081386'
'2022-02-08 15:29:53,889 - analysis.correlation_perFreq - WARNING - Sending 3 R values with timestamp 430160.7651269'
'2022-02-08 15:29:54,211 - analysis.correlation_perFreq - WARNING - Sending 3 R values with timestamp 430160.7671253'
'2022-02-08 15:29:54,232 - analysis.correlation_perFreq - WARNING - Sending 3 R values with timestamp 430161.1232092'
'2022-02-08 15:29:54,440 - analysis.correlation_perFreq - WARNING - called trigger'
'2022-02-08 15:29:54,569 - analysis.correlation_perFreq - WARNING - Sending 3 R values with timestamp 430161.1252052'
'2022-02-08 15:29:54,592 - analysis.correlation_perFreq - WARNING - Sending 3 R values with timestamp 430161.4792884'
'2022-02-08 15:29:54,926 - analysis.correlation_perFreq - WARNING - Sending 3 R values with timestamp 430161.4832877'
'2022-02-08 15:29:54,952 - analysis.correlation_perFreq - WARNING - Sending 3 R values with timestamp 430161.8353714'
'2022-02-08 15:29:55,282 - analysis.correlation_perFreq - WARNING - Sending 3 R values with timestamp 430161.8393569'
'2022-02-08 15:29:55,312 - analysis.correlation_perFreq - WARNING - Sending 3 R values with timestamp 430162.1934537'
'2022-02-08 15:29:55,381 - analysis.correlation_perFreq - WARNING - called trigger'
'2022-02-08 15:29:55,670 - analysis.correlation_perFreq - WARNING - Sending 3 R values with timestamp 430162.5535279'
'2022-02-08 15:29:56,030 - analysis.correlation_perFreq - WARNING - Sending 3 R values with timestamp 430162.9126172'
'2022-02-08 15:29:56,368 - analysis.correlation_perFreq - WARNING - called trigger'
'2022-02-08 15:29:56,373 - analysis.correlation_perFreq - WARNING - Sending 3 R values with timestamp 430163.2697036'
'2022-02-08 15:29:56,733 - analysis.correlation_perFreq - WARNING - Sending 3 R values with timestamp 430163.6267733'
'2022-02-08 15:29:56,835 - analysis.correlation_perFreq - WARNING - called trigger'
'2022-02-08 15:29:57,092 - analysis.correlation_perFreq - WARNING - Sending 3 R values with timestamp 430163.985861'
'2022-02-08 15:29:57,353 - analysis.correlation_perFreq - WARNING - called trigger'
'2022-02-08 15:29:57,430 - analysis.correlation_perFreq - WARNING - Sending 3 R values with timestamp 430163.9859519'
'2022-02-08 15:29:57,451 - analysis.correlation_perFreq - WARNING - Sending 3 R values with timestamp 430164.3429502'
'2022-02-08 15:29:57,810 - analysis.correlation_perFreq - WARNING - called trigger'
'2022-02-08 15:29:57,837 - analysis.correlation_perFreq - WARNING - Sending 3 R values with timestamp 430164.343923'
'2022-02-08 15:29:57,859 - analysis.correlation_perFreq - WARNING - Sending 3 R values with timestamp 430164.7490319'
'2022-02-08 15:29:58,195 - analysis.correlation_perFreq - WARNING - Sending 3 R values with timestamp 430164.7510326'
'2022-02-08 15:29:58,218 - analysis.correlation_perFreq - WARNING - Sending 3 R values with timestamp 430165.1071163'
'2022-02-08 15:29:58,258 - analysis.correlation_perFreq - WARNING - called trigger'
'2022-02-08 15:29:58,577 - analysis.correlation_perFreq - WARNING - Sending 3 R values with timestamp 430165.4652062'
'2022-02-08 15:29:58,912 - analysis.correlation_perFreq - WARNING - Sending 3 R values with timestamp 430165.4652949'
'2022-02-08 15:29:58,936 - analysis.correlation_perFreq - WARNING - Sending 3 R values with timestamp 430165.8242896'
'2022-02-08 15:29:59,295 - analysis.correlation_perFreq - WARNING - Sending 3 R values with timestamp 430166.1813537'
'2022-02-08 15:29:59,655 - analysis.correlation_perFreq - WARNING - Sending 3 R values with timestamp 430166.5384381'
'2022-02-08 15:29:59,999 - analysis.correlation_perFreq - WARNING - Sending 3 R values with timestamp 430166.8955149'
'2022-02-08 15:30:00,358 - analysis.correlation_perFreq - WARNING - Sending 3 R values with timestamp 430167.2515955'
'2022-02-08 15:30:00,718 - analysis.correlation_perFreq - WARNING - Sending 3 R values with timestamp 430167.6096749'
'2022-02-08 15:30:01,052 - analysis.correlation_perFreq - WARNING - Sending 3 R values with timestamp 430167.6097556'
'2022-02-08 15:30:01,077 - analysis.correlation_perFreq - WARNING - Sending 3 R values with timestamp 430167.9647575'
'2022-02-08 15:30:01,436 - analysis.correlation_perFreq - WARNING - Sending 3 R values with timestamp 430168.321843'
'2022-02-08 15:30:01,795 - analysis.correlation_perFreq - WARNING - Sending 3 R values with timestamp 430168.6779112'
'2022-02-08 15:30:02,140 - analysis.correlation_perFreq - WARNING - Sending 3 R values with timestamp 430169.0359969'
'2022-02-08 15:30:02,498 - analysis.correlation_perFreq - WARNING - Sending 3 R values with timestamp 430169.3920732'
'2022-02-08 15:30:02,838 - analysis.correlation_perFreq - WARNING - Sending 3 R values with timestamp 430169.3930784'
'2022-02-08 15:30:02,858 - analysis.correlation_perFreq - WARNING - Sending 3 R values with timestamp 430169.746161'
'2022-02-08 15:30:03,264 - analysis.correlation_perFreq - WARNING - Sending 3 R values with timestamp 430170.1072456'
'2022-02-08 15:30:03,623 - analysis.correlation_perFreq - WARNING - Sending 3 R values with timestamp 430170.5113275'
'2022-02-08 15:30:03,958 - analysis.correlation_perFreq - WARNING - Sending 3 R values with timestamp 430170.5143327'
'2022-02-08 15:30:03,982 - analysis.correlation_perFreq - WARNING - Sending 3 R values with timestamp 430170.8674218'
'2022-02-08 15:30:04,314 - analysis.correlation_perFreq - WARNING - Sending 3 R values with timestamp 430170.871406'
'2022-02-08 15:30:04,342 - analysis.correlation_perFreq - WARNING - Sending 3 R values with timestamp 430171.2254893'
'2022-02-08 15:30:04,703 - analysis.correlation_perFreq - WARNING - Sending 3 R values with timestamp 430171.5855683'
'2022-02-08 15:30:05,046 - analysis.correlation_perFreq - WARNING - Sending 3 R values with timestamp 430171.94266'
'2022-02-08 15:30:05,406 - analysis.correlation_perFreq - WARNING - Sending 3 R values with timestamp 430172.3017285'
'2022-02-08 15:30:05,764 - analysis.correlation_perFreq - WARNING - Sending 3 R values with timestamp 430172.660812'
'2022-02-08 15:30:06,124 - analysis.correlation_perFreq - WARNING - Sending 3 R values with timestamp 430173.0189921'
'2022-02-08 15:30:06,463 - analysis.correlation_perFreq - WARNING - Sending 3 R values with timestamp 430173.0190885'
'2022-02-08 15:30:06,499 - analysis.correlation_perFreq - WARNING - Sending 3 R values with timestamp 430173.3759843'
'2022-02-08 15:30:06,843 - analysis.correlation_perFreq - WARNING - Sending 3 R values with timestamp 430173.7360727'
'2022-02-08 15:30:07,201 - analysis.correlation_perFreq - WARNING - Sending 3 R values with timestamp 430174.0941333'
'2022-02-08 15:30:07,560 - analysis.correlation_perFreq - WARNING - Sending 3 R values with timestamp 430174.4522266'
'2022-02-08 15:36:27,784 - acquisition.discovery - WARNING - EEG-Orange-3859: Connected'
'2022-02-08 15:36:27,785 - acquisition.discovery - WARNING - EEG-Purple-7357: Connected'
'2022-02-08 15:36:47,718 - analysis.correlation_perFreq - WARNING - Sending 3 R values with timestamp 430574.5247419'
'2022-02-08 15:36:47,972 - analysis.correlation_perFreq - WARNING - Sending 3 R values with timestamp 430574.5267436'
'2022-02-08 15:36:47,999 - analysis.correlation_perFreq - WARNING - Sending 3 R values with timestamp 430574.8828248'
'2022-02-08 15:36:48,358 - analysis.correlation_perFreq - WARNING - Sending 3 R values with timestamp 430575.2419009'
'2022-02-08 15:36:48,702 - analysis.correlation_perFreq - WARNING - Sending 3 R values with timestamp 430575.5989744'
'2022-02-08 15:36:49,061 - analysis.correlation_perFreq - WARNING - Sending 3 R values with timestamp 430575.9560644'
'2022-02-08 15:36:49,467 - analysis.correlation_perFreq - WARNING - Sending 3 R values with timestamp 430576.3641548'
'2022-02-08 15:36:49,808 - analysis.correlation_perFreq - WARNING - Sending 3 R values with timestamp 430576.3642458'
'2022-02-08 15:36:49,842 - analysis.correlation_perFreq - WARNING - Sending 3 R values with timestamp 430576.7202451'
'2022-02-08 15:36:50,165 - analysis.correlation_perFreq - WARNING - Sending 3 R values with timestamp 430576.7222297'
'2022-02-08 15:36:50,185 - analysis.correlation_perFreq - WARNING - Sending 3 R values with timestamp 430577.0773289'
'2022-02-08 15:36:50,523 - analysis.correlation_perFreq - WARNING - Sending 3 R values with timestamp 430577.0793079'
'2022-02-08 15:36:50,545 - analysis.correlation_perFreq - WARNING - Sending 3 R values with timestamp 430577.4354057'
'2022-02-08 15:36:50,880 - analysis.correlation_perFreq - WARNING - Sending 3 R values with timestamp 430577.437436'
'2022-02-08 15:36:50,904 - analysis.correlation_perFreq - WARNING - Sending 3 R values with timestamp 430577.7924741'
'2022-02-08 15:36:51,239 - analysis.correlation_perFreq - WARNING - Sending 3 R values with timestamp 430577.7944742'
'2022-02-08 15:36:51,264 - analysis.correlation_perFreq - WARNING - Sending 3 R values with timestamp 430578.1495646'
'2022-02-08 15:36:51,598 - analysis.correlation_perFreq - WARNING - Sending 3 R values with timestamp 430578.15256'
'2022-02-08 15:36:51,624 - analysis.correlation_perFreq - WARNING - Sending 3 R values with timestamp 430578.5066394'
'2022-02-08 15:36:51,956 - analysis.correlation_perFreq - WARNING - Sending 3 R values with timestamp 430578.5116382'
'2022-02-08 15:36:51,984 - analysis.correlation_perFreq - WARNING - Sending 3 R values with timestamp 430578.8617137'
'2022-02-08 15:36:52,313 - analysis.correlation_perFreq - WARNING - Sending 3 R values with timestamp 430578.8697211'
'2022-02-08 15:36:52,342 - analysis.correlation_perFreq - WARNING - Sending 3 R values with timestamp 430579.2177957'
'2022-02-08 15:36:52,671 - analysis.correlation_perFreq - WARNING - Sending 3 R values with timestamp 430579.2268063'
'2022-02-08 15:36:52,701 - analysis.correlation_perFreq - WARNING - Sending 3 R values with timestamp 430579.5748852'
'2022-02-08 15:36:53,029 - analysis.correlation_perFreq - WARNING - Sending 3 R values with timestamp 430579.5848789'
'2022-02-08 15:36:53,061 - analysis.correlation_perFreq - WARNING - Sending 3 R values with timestamp 430579.9309578'
'2022-02-08 15:36:53,385 - analysis.correlation_perFreq - WARNING - Sending 3 R values with timestamp 430579.942961'
'2022-02-08 15:36:53,405 - analysis.correlation_perFreq - WARNING - Sending 3 R values with timestamp 430580.2890513'
'2022-02-08 15:36:53,742 - analysis.correlation_perFreq - WARNING - Sending 3 R values with timestamp 430580.2990471'
'2022-02-08 15:36:53,764 - analysis.correlation_perFreq - WARNING - Sending 3 R values with timestamp 430580.6461197'
'2022-02-08 15:36:54,100 - analysis.correlation_perFreq - WARNING - Sending 3 R values with timestamp 430580.6561257'
'2022-02-08 15:36:54,123 - analysis.correlation_perFreq - WARNING - Sending 3 R values with timestamp 430581.0032065'
'2022-02-08 15:36:54,457 - analysis.correlation_perFreq - WARNING - Sending 3 R values with timestamp 430581.0142196'
'2022-02-08 15:36:54,483 - analysis.correlation_perFreq - WARNING - Sending 3 R values with timestamp 430581.3612807'
'2022-02-08 15:36:54,813 - analysis.correlation_perFreq - WARNING - Sending 3 R values with timestamp 430581.3713205'
'2022-02-08 15:36:54,841 - analysis.correlation_perFreq - WARNING - Sending 3 R values with timestamp 430581.7183635'
'2022-02-08 15:36:55,169 - analysis.correlation_perFreq - WARNING - Sending 3 R values with timestamp 430581.7273649'
'2022-02-08 15:36:55,201 - analysis.correlation_perFreq - WARNING - Sending 3 R values with timestamp 430582.0764384'
'2022-02-08 15:36:55,592 - analysis.correlation_perFreq - WARNING - Sending 3 R values with timestamp 430582.4385203'
'2022-02-08 15:36:55,906 - analysis.correlation_perFreq - WARNING - Sending 3 R values with timestamp 430582.4825312'
'2022-02-08 15:36:55,952 - analysis.correlation_perFreq - WARNING - Sending 3 R values with timestamp 430582.796602'
'2022-02-08 15:36:56,312 - analysis.correlation_perFreq - WARNING - Sending 3 R values with timestamp 430583.1986981'
'2022-02-08 15:36:56,648 - analysis.correlation_perFreq - WARNING - Sending 3 R values with timestamp 430583.2047085'
'2022-02-08 15:36:56,670 - analysis.correlation_perFreq - WARNING - Sending 3 R values with timestamp 430583.5567792'
'2022-02-08 15:36:57,005 - analysis.correlation_perFreq - WARNING - Sending 3 R values with timestamp 430583.5617846'
'2022-02-08 15:36:57,029 - analysis.correlation_perFreq - WARNING - Sending 3 R values with timestamp 430583.9138772'
'2022-02-08 15:36:57,361 - analysis.correlation_perFreq - WARNING - Sending 3 R values with timestamp 430583.9188553'
'2022-02-08 15:36:57,389 - analysis.correlation_perFreq - WARNING - Sending 3 R values with timestamp 430584.2709354'
'2022-02-08 15:36:57,717 - analysis.correlation_perFreq - WARNING - Sending 3 R values with timestamp 430584.2749328'
'2022-02-08 15:36:57,749 - analysis.correlation_perFreq - WARNING - Sending 3 R values with timestamp 430584.6290125'
'2022-02-08 15:36:58,092 - analysis.correlation_perFreq - WARNING - Sending 3 R values with timestamp 430584.9861093'
'2022-02-08 15:36:58,452 - analysis.correlation_perFreq - WARNING - Sending 3 R values with timestamp 430585.3421819'
'2022-02-08 15:36:58,810 - analysis.correlation_perFreq - WARNING - Sending 3 R values with timestamp 430585.6982621'
'2022-02-08 15:36:59,170 - analysis.correlation_perFreq - WARNING - Sending 3 R values with timestamp 430586.0543493'
'2022-02-08 15:36:59,530 - analysis.correlation_perFreq - WARNING - Sending 3 R values with timestamp 430586.4134321'
'2022-02-08 15:36:59,874 - analysis.correlation_perFreq - WARNING - Sending 3 R values with timestamp 430586.7705152'
'2022-02-08 15:37:00,215 - analysis.correlation_perFreq - WARNING - Sending 3 R values with timestamp 430586.7706113'
'2022-02-08 15:37:00,249 - analysis.correlation_perFreq - WARNING - Sending 3 R values with timestamp 430587.127582'
'2022-02-08 15:37:00,592 - analysis.correlation_perFreq - WARNING - Sending 3 R values with timestamp 430587.4846688'
'2022-02-08 15:37:00,952 - analysis.correlation_perFreq - WARNING - Sending 3 R values with timestamp 430587.8427562'
'2022-02-08 15:37:01,311 - analysis.correlation_perFreq - WARNING - Sending 3 R values with timestamp 430588.2008333'
'2022-02-08 15:37:01,670 - analysis.correlation_perFreq - WARNING - Sending 3 R values with timestamp 430588.5569092'
'2022-02-08 15:37:02,052 - analysis.correlation_perFreq - WARNING - Sending 3 R values with timestamp 430588.5579098'
'2022-02-08 15:37:02,076 - analysis.correlation_perFreq - WARNING - Sending 3 R values with timestamp 430588.9649978'
'2022-02-08 15:37:02,436 - analysis.correlation_perFreq - WARNING - Sending 3 R values with timestamp 430589.3230826'
'2022-02-08 15:37:02,795 - analysis.correlation_perFreq - WARNING - Sending 3 R values with timestamp 430589.6811601'
'2022-02-08 15:37:02,957 - analysis.correlation_perFreq - WARNING - called trigger'
'2022-02-08 15:37:03,154 - analysis.correlation_perFreq - WARNING - Sending 3 R values with timestamp 430590.0382478'
'2022-02-08 15:37:03,483 - analysis.correlation_perFreq - WARNING - Sending 3 R values with timestamp 430590.0383324'
'2022-02-08 15:37:03,513 - analysis.correlation_perFreq - WARNING - Sending 3 R values with timestamp 430590.3953301'
'2022-02-08 15:37:03,857 - analysis.correlation_perFreq - WARNING - Sending 3 R values with timestamp 430590.7544175'
'2022-02-08 15:37:04,217 - analysis.correlation_perFreq - WARNING - Sending 3 R values with timestamp 430591.1104866'
'2022-02-08 15:37:04,380 - analysis.correlation_perFreq - WARNING - called trigger'
'2022-02-08 15:37:04,579 - analysis.correlation_perFreq - WARNING - Sending 3 R values with timestamp 430591.4685675'
'2022-02-08 15:37:04,936 - analysis.correlation_perFreq - WARNING - Sending 3 R values with timestamp 430591.8246493'
'2022-02-08 15:37:05,271 - analysis.correlation_perFreq - WARNING - Sending 3 R values with timestamp 430591.8276411'
'2022-02-08 15:37:05,295 - analysis.correlation_perFreq - WARNING - Sending 3 R values with timestamp 430592.1807233'
'2022-02-08 15:37:05,629 - analysis.correlation_perFreq - WARNING - Sending 3 R values with timestamp 430592.1847172'
'2022-02-08 15:37:05,655 - analysis.correlation_perFreq - WARNING - Sending 3 R values with timestamp 430592.5368153'
'2022-02-08 15:37:05,826 - analysis.correlation_perFreq - WARNING - called trigger'
'2022-02-08 15:37:05,984 - analysis.correlation_perFreq - WARNING - Sending 3 R values with timestamp 430592.5428083'
'2022-02-08 15:37:06,014 - analysis.correlation_perFreq - WARNING - Sending 3 R values with timestamp 430592.8948974'
'2022-02-08 15:37:06,341 - analysis.correlation_perFreq - WARNING - Sending 3 R values with timestamp 430592.897885'
'2022-02-08 15:37:06,374 - analysis.correlation_perFreq - WARNING - Sending 3 R values with timestamp 430593.2519847'
'2022-02-08 15:37:06,697 - analysis.correlation_perFreq - WARNING - Sending 3 R values with timestamp 430593.2549537'
'2022-02-08 15:37:06,733 - analysis.correlation_perFreq - WARNING - Sending 3 R values with timestamp 430593.608058'
'2022-02-08 15:37:07,055 - analysis.correlation_perFreq - WARNING - Sending 3 R values with timestamp 430593.6110449'
'2022-02-08 15:37:07,077 - analysis.correlation_perFreq - WARNING - Sending 3 R values with timestamp 430593.9671313'
'2022-02-08 15:37:07,334 - analysis.correlation_perFreq - WARNING - called trigger'
'2022-02-08 15:37:07,413 - analysis.correlation_perFreq - WARNING - Sending 3 R values with timestamp 430593.9691176'
'2022-02-08 15:37:07,436 - analysis.correlation_perFreq - WARNING - Sending 3 R values with timestamp 430594.3222129'
'2022-02-08 15:37:07,770 - analysis.correlation_perFreq - WARNING - Sending 3 R values with timestamp 430594.3272346'
'2022-02-08 15:37:07,795 - analysis.correlation_perFreq - WARNING - Sending 3 R values with timestamp 430594.678292'
'2022-02-08 15:37:08,202 - analysis.correlation_perFreq - WARNING - Sending 3 R values with timestamp 430595.0413743'
'2022-02-08 15:37:08,560 - analysis.correlation_perFreq - WARNING - Sending 3 R values with timestamp 430595.4444666'
'2022-02-08 15:37:08,893 - analysis.correlation_perFreq - WARNING - Sending 3 R values with timestamp 430595.4484576'
'2022-02-08 15:37:08,919 - analysis.correlation_perFreq - WARNING - called trigger'
'2022-02-08 15:37:08,920 - analysis.correlation_perFreq - WARNING - Sending 3 R values with timestamp 430595.7995467'
'2022-02-08 15:37:09,250 - analysis.correlation_perFreq - WARNING - Sending 3 R values with timestamp 430595.8065434'
'2022-02-08 15:37:09,281 - analysis.correlation_perFreq - WARNING - Sending 3 R values with timestamp 430596.1586276'
'2022-02-08 15:37:09,607 - analysis.correlation_perFreq - WARNING - Sending 3 R values with timestamp 430596.1636246'
'2022-02-08 15:37:09,640 - analysis.correlation_perFreq - WARNING - Sending 3 R values with timestamp 430596.5157084'
'2022-02-08 15:37:09,964 - analysis.correlation_perFreq - WARNING - Sending 3 R values with timestamp 430596.5207037'
'2022-02-08 15:37:09,999 - analysis.correlation_perFreq - WARNING - Sending 3 R values with timestamp 430596.8717807'
'2022-02-08 15:37:10,161 - analysis.correlation_perFreq - WARNING - called trigger'
'2022-02-08 15:37:10,320 - analysis.correlation_perFreq - WARNING - Sending 3 R values with timestamp 430596.8777942'
'2022-02-08 15:37:10,342 - analysis.correlation_perFreq - WARNING - Sending 3 R values with timestamp 430597.2318807'
'2022-02-08 15:37:10,676 - analysis.correlation_perFreq - WARNING - Sending 3 R values with timestamp 430597.2338759'
'2022-02-08 15:37:10,702 - analysis.correlation_perFreq - WARNING - Sending 3 R values with timestamp 430597.588945'
'2022-02-08 15:37:11,062 - analysis.correlation_perFreq - WARNING - Sending 3 R values with timestamp 430597.9460397'
'2022-02-08 15:37:11,420 - analysis.correlation_perFreq - WARNING - Sending 3 R values with timestamp 430598.3041121'
'2022-02-08 15:37:11,574 - analysis.correlation_perFreq - WARNING - called trigger'
'2022-02-08 15:37:11,779 - analysis.correlation_perFreq - WARNING - Sending 3 R values with timestamp 430598.6621945'
'2022-02-08 15:37:12,124 - analysis.correlation_perFreq - WARNING - Sending 3 R values with timestamp 430599.0192763'
'2022-02-08 15:37:12,482 - analysis.correlation_perFreq - WARNING - Sending 3 R values with timestamp 430599.3753879'
'2022-02-08 15:37:12,819 - analysis.correlation_perFreq - WARNING - Sending 3 R values with timestamp 430599.3763507'
'2022-02-08 15:37:12,841 - analysis.correlation_perFreq - WARNING - Sending 3 R values with timestamp 430599.731446'
'2022-02-08 15:37:12,872 - analysis.correlation_perFreq - WARNING - called trigger'
'2022-02-08 15:37:13,178 - analysis.correlation_perFreq - WARNING - Sending 3 R values with timestamp 430599.7334474'
'2022-02-08 15:37:13,203 - analysis.correlation_perFreq - WARNING - Sending 3 R values with timestamp 430600.0895249'
'2022-02-08 15:37:13,536 - analysis.correlation_perFreq - WARNING - Sending 3 R values with timestamp 430600.091507'
'2022-02-08 15:37:13,561 - analysis.correlation_perFreq - WARNING - Sending 3 R values with timestamp 430600.4476053'
'2022-02-08 15:37:13,893 - analysis.correlation_perFreq - WARNING - Sending 3 R values with timestamp 430600.4495853'
'2022-02-08 15:37:13,920 - analysis.correlation_perFreq - WARNING - Sending 3 R values with timestamp 430600.804675'
'2022-02-08 15:37:14,180 - analysis.correlation_perFreq - WARNING - called trigger'
'2022-02-08 15:37:14,280 - analysis.correlation_perFreq - WARNING - Sending 3 R values with timestamp 430601.1627602'
'2022-02-08 15:37:14,625 - analysis.correlation_perFreq - WARNING - Sending 3 R values with timestamp 430601.5208386'
'2022-02-08 15:37:15,015 - analysis.correlation_perFreq - WARNING - Sending 3 R values with timestamp 430601.5209257'
'2022-02-08 15:37:15,045 - analysis.correlation_perFreq - WARNING - Sending 3 R values with timestamp 430601.9279314'
'2022-02-08 15:37:15,390 - analysis.correlation_perFreq - WARNING - Sending 3 R values with timestamp 430602.285009'
'2022-02-08 15:37:15,572 - analysis.correlation_perFreq - WARNING - called trigger'
'2022-02-08 15:37:15,748 - analysis.correlation_perFreq - WARNING - Sending 3 R values with timestamp 430602.6400922'
'2022-02-08 15:37:16,107 - analysis.correlation_perFreq - WARNING - Sending 3 R values with timestamp 430602.9991741'
'2022-02-08 15:37:16,468 - analysis.correlation_perFreq - WARNING - Sending 3 R values with timestamp 430603.3572537'
'2022-02-08 15:37:16,828 - analysis.correlation_perFreq - WARNING - Sending 3 R values with timestamp 430603.7163348'
'2022-02-08 15:37:17,074 - analysis.correlation_perFreq - WARNING - called trigger'
'2022-02-08 15:37:17,185 - analysis.correlation_perFreq - WARNING - Sending 3 R values with timestamp 430604.0724121'
'2022-02-08 15:37:17,516 - analysis.correlation_perFreq - WARNING - Sending 3 R values with timestamp 430604.0724956'
'2022-02-08 15:37:17,545 - analysis.correlation_perFreq - WARNING - Sending 3 R values with timestamp 430604.4284859'
'2022-02-08 15:37:17,905 - analysis.correlation_perFreq - WARNING - Sending 3 R values with timestamp 430604.7855741'
'2022-02-08 15:37:18,232 - analysis.correlation_perFreq - WARNING - Sending 3 R values with timestamp 430604.7885781'
'2022-02-08 15:37:18,264 - analysis.correlation_perFreq - WARNING - Sending 3 R values with timestamp 430605.1426574'
'2022-02-08 15:37:18,377 - analysis.correlation_perFreq - WARNING - called trigger'
'2022-02-08 15:37:18,589 - analysis.correlation_perFreq - WARNING - Sending 3 R values with timestamp 430605.1456536'
'2022-02-08 15:37:18,624 - analysis.correlation_perFreq - WARNING - Sending 3 R values with timestamp 430605.4997386'
'2022-02-08 15:37:18,946 - analysis.correlation_perFreq - WARNING - Sending 3 R values with timestamp 430605.5027314'
'2022-02-08 15:37:18,967 - analysis.correlation_perFreq - WARNING - Sending 3 R values with timestamp 430605.8568261'
'2022-02-08 15:37:19,302 - analysis.correlation_perFreq - WARNING - Sending 3 R values with timestamp 430605.8598145'
'2022-02-08 15:37:19,327 - analysis.correlation_perFreq - WARNING - Sending 3 R values with timestamp 430606.2139052'
'2022-02-08 15:37:19,655 - analysis.correlation_perFreq - WARNING - called trigger'
'2022-02-08 15:37:19,687 - analysis.correlation_perFreq - WARNING - Sending 3 R values with timestamp 430606.5709742'
'2022-02-08 15:37:20,045 - analysis.correlation_perFreq - WARNING - Sending 3 R values with timestamp 430606.9280607'
'2022-02-08 15:37:20,389 - analysis.correlation_perFreq - WARNING - Sending 3 R values with timestamp 430607.2841439'
'2022-02-08 15:37:20,750 - analysis.correlation_perFreq - WARNING - Sending 3 R values with timestamp 430607.642215'
'2022-02-08 15:37:20,908 - analysis.correlation_perFreq - WARNING - called trigger'
'2022-02-08 15:37:21,155 - analysis.correlation_perFreq - WARNING - Sending 3 R values with timestamp 430608.0503117'
'2022-02-08 15:37:21,513 - analysis.correlation_perFreq - WARNING - Sending 3 R values with timestamp 430608.4064054'
'2022-02-08 15:37:21,873 - analysis.correlation_perFreq - WARNING - Sending 3 R values with timestamp 430608.7644799'
'2022-02-08 15:37:22,226 - analysis.correlation_perFreq - WARNING - called trigger'
'2022-02-08 15:37:22,233 - analysis.correlation_perFreq - WARNING - Sending 3 R values with timestamp 430609.1215557'
'2022-02-08 15:37:22,566 - analysis.correlation_perFreq - WARNING - Sending 3 R values with timestamp 430609.1225497'
'2022-02-08 15:37:22,592 - analysis.correlation_perFreq - WARNING - Sending 3 R values with timestamp 430609.4786295'
'2022-02-08 15:37:22,924 - analysis.correlation_perFreq - WARNING - Sending 3 R values with timestamp 430609.4796237'
'2022-02-08 15:37:22,952 - analysis.correlation_perFreq - WARNING - Sending 3 R values with timestamp 430609.8347166'
'2022-02-08 15:37:23,280 - analysis.correlation_perFreq - WARNING - Sending 3 R values with timestamp 430609.8367031'
'2022-02-08 15:37:23,312 - analysis.correlation_perFreq - WARNING - Sending 3 R values with timestamp 430610.1898062'
'2022-02-08 15:37:23,445 - analysis.correlation_perFreq - WARNING - called trigger'
'2022-02-08 15:37:23,637 - analysis.correlation_perFreq - WARNING - Sending 3 R values with timestamp 430610.193777'
'2022-02-08 15:37:23,670 - analysis.correlation_perFreq - WARNING - Sending 3 R values with timestamp 430610.5478829'
'2022-02-08 15:37:23,995 - analysis.correlation_perFreq - WARNING - Sending 3 R values with timestamp 430610.5508718'
'2022-02-08 15:37:24,030 - analysis.correlation_perFreq - WARNING - Sending 3 R values with timestamp 430610.9059711'
'2022-02-08 15:37:24,352 - analysis.correlation_perFreq - WARNING - Sending 3 R values with timestamp 430610.9089652'
'2022-02-08 15:37:24,373 - analysis.correlation_perFreq - WARNING - Sending 3 R values with timestamp 430611.264041'
'2022-02-08 15:37:24,709 - analysis.correlation_perFreq - WARNING - Sending 3 R values with timestamp 430611.2660218'
'2022-02-08 15:37:24,732 - analysis.correlation_perFreq - WARNING - Sending 3 R values with timestamp 430611.6201108'
'2022-02-08 15:37:25,067 - analysis.correlation_perFreq - WARNING - Sending 3 R values with timestamp 430611.6231119'
'2022-02-08 15:37:25,093 - analysis.correlation_perFreq - WARNING - Sending 3 R values with timestamp 430611.9792093'
'2022-02-08 15:37:25,425 - analysis.correlation_perFreq - WARNING - Sending 3 R values with timestamp 430611.9811924'
'2022-02-08 15:37:25,451 - analysis.correlation_perFreq - WARNING - Sending 3 R values with timestamp 430612.3363145'
'2022-02-08 15:37:25,782 - analysis.correlation_perFreq - WARNING - Sending 3 R values with timestamp 430612.3392777'
'2022-02-08 15:37:25,811 - analysis.correlation_perFreq - WARNING - Sending 3 R values with timestamp 430612.6943671'
'2022-02-08 15:37:26,170 - analysis.correlation_perFreq - WARNING - Sending 3 R values with timestamp 430613.0534537'
'2022-02-08 15:37:26,498 - analysis.correlation_perFreq - WARNING - Sending 3 R values with timestamp 430613.054444'
'2022-02-08 15:37:26,532 - analysis.correlation_perFreq - WARNING - Sending 3 R values with timestamp 430613.4095249'
'2022-02-08 15:37:26,854 - analysis.correlation_perFreq - WARNING - Sending 3 R values with timestamp 430613.4115123'
'2022-02-08 15:37:26,890 - analysis.correlation_perFreq - WARNING - Sending 3 R values with timestamp 430613.7666068'
'2022-02-08 15:37:27,233 - analysis.correlation_perFreq - WARNING - Sending 3 R values with timestamp 430614.1246841'
'2022-02-08 15:37:27,592 - analysis.correlation_perFreq - WARNING - Sending 3 R values with timestamp 430614.1247774'
'2022-02-08 15:37:27,639 - analysis.correlation_perFreq - WARNING - Sending 3 R values with timestamp 430614.4827674'
'2022-02-08 15:37:27,976 - analysis.correlation_perFreq - WARNING - Sending 3 R values with timestamp 430614.5327863'
'2022-02-08 15:37:27,998 - analysis.correlation_perFreq - WARNING - Sending 3 R values with timestamp 430614.8888645'
'2022-02-08 15:37:28,358 - analysis.correlation_perFreq - WARNING - Sending 3 R values with timestamp 430615.2459425'
'2022-02-08 15:37:28,717 - analysis.correlation_perFreq - WARNING - Sending 3 R values with timestamp 430615.6030186'
'2022-02-08 15:37:29,076 - analysis.correlation_perFreq - WARNING - Sending 3 R values with timestamp 430615.9600982'
'2022-02-08 15:37:29,436 - analysis.correlation_perFreq - WARNING - Sending 3 R values with timestamp 430616.3181834'
'2022-02-08 15:37:29,780 - analysis.correlation_perFreq - WARNING - Sending 3 R values with timestamp 430616.6742651'
'2022-02-08 15:37:30,119 - analysis.correlation_perFreq - WARNING - Sending 3 R values with timestamp 430616.6752543'
'2022-02-08 15:37:30,155 - analysis.correlation_perFreq - WARNING - Sending 3 R values with timestamp 430617.0313494'
'2022-02-08 15:37:30,478 - analysis.correlation_perFreq - WARNING - Sending 3 R values with timestamp 430617.0333393'
'2022-02-08 15:37:30,498 - analysis.correlation_perFreq - WARNING - Sending 3 R values with timestamp 430617.3874272'
'2022-02-08 15:37:30,858 - analysis.correlation_perFreq - WARNING - Sending 3 R values with timestamp 430617.746522'
'2022-02-08 15:37:31,217 - analysis.correlation_perFreq - WARNING - Sending 3 R values with timestamp 430618.1035863'
'2022-02-08 15:37:31,577 - analysis.correlation_perFreq - WARNING - Sending 3 R values with timestamp 430618.4597422'
'2022-02-08 15:37:31,921 - analysis.correlation_perFreq - WARNING - Sending 3 R values with timestamp 430618.8177399'
'2022-02-08 15:37:32,281 - analysis.correlation_perFreq - WARNING - Sending 3 R values with timestamp 430619.17383'
'2022-02-08 15:37:32,639 - analysis.correlation_perFreq - WARNING - Sending 3 R values with timestamp 430619.5309048'
'2022-02-08 15:37:32,999 - analysis.correlation_perFreq - WARNING - Sending 3 R values with timestamp 430619.8889889'
'2022-02-08 15:37:33,357 - analysis.correlation_perFreq - WARNING - Sending 3 R values with timestamp 430620.2460784'
